{"level":60,"time":1715504662090,"pid":14972,"hostname":"DESKTOP-9421701","error":"404","url":"/api/v1/admin-users/destroys"}
{"level":60,"time":1715505504327,"pid":11408,"hostname":"DESKTOP-9421701","error":"404","url":"/api/v1/auth/login/submit"}
{"level":60,"time":1715505553111,"pid":11408,"hostname":"DESKTOP-9421701","error":"404","url":"/api/v1/auth/login/submit"}
{"level":60,"time":1715505829575,"pid":11408,"hostname":"DESKTOP-9421701","error":"404","url":"/api/v1/auth/login/submit"}
{"level":60,"time":1715505934875,"pid":11408,"hostname":"DESKTOP-9421701","error":"404","url":"/api/v1/auth/login/submit"}
{"level":60,"time":1715505981747,"pid":11408,"hostname":"DESKTOP-9421701","error":"404","url":"/api/v1/auth/login/submit"}
{"level":60,"time":1715506323440,"pid":11408,"hostname":"DESKTOP-9421701","error":"404","url":"/api/v1/auth/login/submit"}
{"level":60,"time":1715506361261,"pid":11408,"hostname":"DESKTOP-9421701","error":"404","url":"/api/v1/auth/login/submit"}
{"level":60,"time":1715506531224,"pid":11408,"hostname":"DESKTOP-9421701","error":"404","url":"/api/v1/auth/login/submit"}
{"level":60,"time":1715506557083,"pid":11408,"hostname":"DESKTOP-9421701","error":"404","url":"/api/v1/auth/login/submit"}
{"level":60,"time":1715506557096,"pid":11408,"hostname":"DESKTOP-9421701","error":"404","url":"/api/v1/admin-user/store"}
{"level":60,"time":1715506848091,"pid":14908,"hostname":"DESKTOP-9421701","error":"404","url":"/api/v1/auth/login/submit"}
{"level":60,"time":1715506888494,"pid":14908,"hostname":"DESKTOP-9421701","error":"404","url":"/api/v1/auth/login/submit"}
{"level":60,"time":1715506930902,"pid":14908,"hostname":"DESKTOP-9421701","error":"404","url":"/api/v1/auth/login/submit"}
{"level":60,"time":1715506930944,"pid":14908,"hostname":"DESKTOP-9421701","error":"404","url":"/api/v1/admin-user/store"}
{"level":60,"time":1715506959373,"pid":14908,"hostname":"DESKTOP-9421701","error":"404","url":"/api/v1/auth/login/submit"}
{"level":60,"time":1715507018137,"pid":14908,"hostname":"DESKTOP-9421701","error":"404","url":"/api/v1/auth/login/submit"}
{"level":60,"time":1715507539914,"pid":14908,"hostname":"DESKTOP-9421701","error":"404","url":"/api/v1/auth/login/submit"}
{"level":60,"time":1715507734296,"pid":7520,"hostname":"DESKTOP-9421701","error":"404","url":"/api/v1/auth/login/submit"}
{"level":60,"time":1715507782660,"pid":7520,"hostname":"DESKTOP-9421701","error":"404","url":"/api/v1/auth/login/submit"}
{"level":60,"time":1715507840922,"pid":7520,"hostname":"DESKTOP-9421701","error":"404","url":"/api/v1/admin-users/stores"}
{"level":60,"time":1715507840927,"pid":7520,"hostname":"DESKTOP-9421701","error":"404","url":"/api/v1/auth/login/submit"}
{"level":60,"time":1715507887393,"pid":7520,"hostname":"DESKTOP-9421701","error":"404","url":"/api/v1/auth/login/submit"}
{"level":60,"time":1715507887415,"pid":7520,"hostname":"DESKTOP-9421701","error":"404","url":"/api/v1/admin-users/stores"}
{"level":60,"time":1715507944604,"pid":15856,"hostname":"DESKTOP-9421701","error":"404","url":"/api/v1/auth/login/submit"}
{"level":60,"time":1715507944619,"pid":15856,"hostname":"DESKTOP-9421701","error":"404","url":"/api/v1/admin-users/updates"}
{"level":60,"time":1715507944625,"pid":15856,"hostname":"DESKTOP-9421701","error":"404","url":"/api/v1/admin-users/stores"}
{"level":60,"time":1715508060090,"pid":3160,"hostname":"DESKTOP-9421701","error":"404","url":"/api/v1/admin-users/updates"}
{"level":60,"time":1715508060100,"pid":3160,"hostname":"DESKTOP-9421701","error":"404","url":"/api/v1/admin-users/stores"}
{"level":60,"time":1715508060107,"pid":3160,"hostname":"DESKTOP-9421701","error":"404","url":"/api/v1/auth/login/submit"}
{"level":60,"time":1715508268583,"pid":3160,"hostname":"DESKTOP-9421701","error":"404","url":"/api/v1/auth/login/submit"}
{"level":60,"time":1715508268594,"pid":3160,"hostname":"DESKTOP-9421701","error":"404","url":"/api/v1/admin-users/updates"}
{"level":60,"time":1715508268601,"pid":3160,"hostname":"DESKTOP-9421701","error":"404","url":"/api/v1/admin-users/stores"}
{"level":60,"time":1715508737128,"pid":15176,"hostname":"DESKTOP-9421701","error":"404","url":"/api/v1/auth/login/submit"}
{"level":60,"time":1715508737140,"pid":15176,"hostname":"DESKTOP-9421701","error":"404","url":"/api/v1/admin-users/updates"}
{"level":60,"time":1715508737144,"pid":15176,"hostname":"DESKTOP-9421701","error":"404","url":"/api/v1/admin-users/stores"}
{"level":60,"time":1715508915872,"pid":15176,"hostname":"DESKTOP-9421701","error":"404","url":"/api/v1/admin-users/stores"}
{"level":60,"time":1715508915917,"pid":15176,"hostname":"DESKTOP-9421701","error":"404","url":"/api/v1/admin-users/updates"}
{"level":60,"time":1715508915976,"pid":15176,"hostname":"DESKTOP-9421701","error":"404","url":"/api/v1/auth/login/submit"}
{"level":60,"time":1715508937500,"pid":15176,"hostname":"DESKTOP-9421701","error":"404","url":"/api/v1/admin-users/stores"}
{"level":60,"time":1715508937502,"pid":15176,"hostname":"DESKTOP-9421701","error":"404","url":"/api/v1/auth/login/submit"}
{"level":60,"time":1715508937520,"pid":15176,"hostname":"DESKTOP-9421701","error":"404","url":"/api/v1/admin-users/updates"}
{"level":60,"time":1715508982604,"pid":15176,"hostname":"DESKTOP-9421701","error":"404","url":"/api/v1/admin-users/updates"}
{"level":60,"time":1715508982608,"pid":15176,"hostname":"DESKTOP-9421701","error":"404","url":"/api/v1/admin-users/stores"}
{"level":60,"time":1715508982612,"pid":15176,"hostname":"DESKTOP-9421701","error":"404","url":"/api/v1/auth/login/submit"}
{"level":60,"time":1715509077808,"pid":15176,"hostname":"DESKTOP-9421701","error":"404","url":"/api/v1/admin-users/updates"}
{"level":60,"time":1715509077815,"pid":15176,"hostname":"DESKTOP-9421701","error":"404","url":"/api/v1/admin-users/stores"}
{"level":60,"time":1715509077822,"pid":15176,"hostname":"DESKTOP-9421701","error":"404","url":"/api/v1/auth/login/submit"}
{"level":60,"time":1715509077909,"pid":15176,"hostname":"DESKTOP-9421701","error":"404","url":"/api/v1/admin-users/1"}
{"level":60,"time":1715509304895,"pid":15176,"hostname":"DESKTOP-9421701","error":"404","url":"/api/v1/auth/login/submit"}
{"level":60,"time":1715509304968,"pid":15176,"hostname":"DESKTOP-9421701","error":"404","url":"/api/v1/admin-users/stores"}
{"level":60,"time":1715509305002,"pid":15176,"hostname":"DESKTOP-9421701","error":"404","url":"/api/v1/admin-users/updates"}
{"level":60,"time":1715509360090,"pid":17700,"hostname":"DESKTOP-9421701","error":"404","url":"/api/v1/admin-users/stores"}
{"level":60,"time":1715509360102,"pid":17700,"hostname":"DESKTOP-9421701","error":"404","url":"/api/v1/auth/login/submit"}
{"level":60,"time":1715509360107,"pid":17700,"hostname":"DESKTOP-9421701","error":"404","url":"/api/v1/admin-users/updates"}
{"level":60,"time":1715509430217,"pid":17700,"hostname":"DESKTOP-9421701","error":"404","url":"/api/v1/admin-users/stores"}
{"level":60,"time":1715509430223,"pid":17700,"hostname":"DESKTOP-9421701","error":"404","url":"/api/v1/auth/login/submit"}
{"level":60,"time":1715509430337,"pid":17700,"hostname":"DESKTOP-9421701","error":"404","url":"/api/v1/admin-users/updates"}
{"level":60,"time":1715509448888,"pid":17700,"hostname":"DESKTOP-9421701","error":"404","url":"/api/v1/admin-users/updates"}
{"level":60,"time":1715509448912,"pid":17700,"hostname":"DESKTOP-9421701","error":"404","url":"/api/v1/admin-users/stores"}
{"level":60,"time":1715509448938,"pid":17700,"hostname":"DESKTOP-9421701","error":"404","url":"/api/v1/auth/login/submit"}
{"level":60,"time":1715509776396,"pid":4988,"hostname":"DESKTOP-9421701","error":"404","url":"/api/v1/admin-users/stores"}
{"level":60,"time":1715509776410,"pid":4988,"hostname":"DESKTOP-9421701","error":"404","url":"/api/v1/auth/login/submit"}
{"level":60,"time":1715509776414,"pid":4988,"hostname":"DESKTOP-9421701","error":"404","url":"/api/v1/admin-userss/undefined"}
{"level":60,"time":1715509776444,"pid":4988,"hostname":"DESKTOP-9421701","error":"404","url":"/api/v1/admin-users/updates"}
{"level":60,"time":1715511346180,"pid":3376,"hostname":"DESKTOP-9421701","error":"404","url":"/api/v1/admin-users/updates"}
{"level":60,"time":1715511346191,"pid":3376,"hostname":"DESKTOP-9421701","error":"404","url":"/api/v1/admin-users/updates"}
{"level":60,"time":1715511346194,"pid":3376,"hostname":"DESKTOP-9421701","error":"404","url":"/api/v1/admin-users/updates"}
{"level":60,"time":1715511346230,"pid":3376,"hostname":"DESKTOP-9421701","error":"404","url":"/api/v1/admin-users/updates"}
{"level":60,"time":1715511346234,"pid":3376,"hostname":"DESKTOP-9421701","error":"404","url":"/api/v1/admin-userss/undefined"}
{"level":60,"time":1715511346250,"pid":3376,"hostname":"DESKTOP-9421701","error":"404","url":"/api/v1/admin-users/updates"}
{"level":60,"time":1715511346284,"pid":3376,"hostname":"DESKTOP-9421701","error":"404","url":"/api/v1/admin-users/stores"}
{"level":60,"time":1715511415740,"pid":3376,"hostname":"DESKTOP-9421701","error":"404","url":"/api/v1/admin-users/stores"}
{"level":60,"time":1715511415915,"pid":3376,"hostname":"DESKTOP-9421701","error":"404","url":"/api/v1/admin-users/updates"}
{"level":60,"time":1715511415936,"pid":3376,"hostname":"DESKTOP-9421701","error":"404","url":"/api/v1/admin-users/updates"}
{"level":60,"time":1715511416060,"pid":3376,"hostname":"DESKTOP-9421701","error":"404","url":"/api/v1/admin-users/updates"}
{"level":60,"time":1715511416235,"pid":3376,"hostname":"DESKTOP-9421701","error":"404","url":"/api/v1/admin-users/updates"}
{"level":60,"time":1715511416274,"pid":3376,"hostname":"DESKTOP-9421701","error":"404","url":"/api/v1/admin-users/updates"}
{"level":60,"time":1715511416328,"pid":3376,"hostname":"DESKTOP-9421701","error":"404","url":"/api/v1/admin-userss/undefined"}
{"level":60,"time":1715511889436,"pid":3376,"hostname":"DESKTOP-9421701","error":"404","url":"/api/v1/admin-users/soft-deletes"}
{"level":60,"time":1715511889634,"pid":3376,"hostname":"DESKTOP-9421701","error":"404","url":"/api/v1/admin-users/restores"}
{"level":60,"time":1715511889690,"pid":3376,"hostname":"DESKTOP-9421701","error":"404","url":"/api/v1/admin-userss/undefined"}
{"level":60,"time":1715511889738,"pid":3376,"hostname":"DESKTOP-9421701","error":"404","url":"/api/v1/admin-users/updates"}
{"level":60,"time":1715511889837,"pid":3376,"hostname":"DESKTOP-9421701","error":"404","url":"/api/v1/admin-users/destroys"}
{"level":60,"time":1715511889937,"pid":3376,"hostname":"DESKTOP-9421701","error":"404","url":"/api/v1/admin-users/blocks"}
{"level":60,"time":1715511890264,"pid":3376,"hostname":"DESKTOP-9421701","error":"404","url":"/api/v1/admin-users/stores"}
{"level":60,"time":1715511957172,"pid":3376,"hostname":"DESKTOP-9421701","error":"404","url":"/api/v1/admin-users/blocks"}
{"level":60,"time":1715511957255,"pid":3376,"hostname":"DESKTOP-9421701","error":"404","url":"/api/v1/admin-users/destroys"}
{"level":60,"time":1715511957327,"pid":3376,"hostname":"DESKTOP-9421701","error":"404","url":"/api/v1/admin-userss"}
{"level":60,"time":1715511957365,"pid":3376,"hostname":"DESKTOP-9421701","error":"404","url":"/api/v1/admin-users/soft-deletes"}
{"level":60,"time":1715511957382,"pid":3376,"hostname":"DESKTOP-9421701","error":"404","url":"/api/v1/admin-users/updates"}
{"level":60,"time":1715511957458,"pid":3376,"hostname":"DESKTOP-9421701","error":"404","url":"/api/v1/admin-users/stores"}
{"level":60,"time":1715511957525,"pid":3376,"hostname":"DESKTOP-9421701","error":"404","url":"/api/v1/admin-userss/undefined"}
{"level":60,"time":1715511957685,"pid":3376,"hostname":"DESKTOP-9421701","error":"404","url":"/api/v1/admin-users/restores"}
{"level":60,"time":1715512448603,"pid":1436,"hostname":"DESKTOP-9421701","error":"404","url":"/api/v1/admin-userss"}
{"level":60,"time":1715512448647,"pid":1436,"hostname":"DESKTOP-9421701","error":"404","url":"/api/v1/admin-users/destroys"}
{"level":60,"time":1715512448670,"pid":1436,"hostname":"DESKTOP-9421701","error":"404","url":"/api/v1/admin-users/soft-deletes"}
{"level":60,"time":1715512448693,"pid":1436,"hostname":"DESKTOP-9421701","error":"404","url":"/api/v1/admin-users/restores"}
{"level":60,"time":1715512448757,"pid":1436,"hostname":"DESKTOP-9421701","error":"404","url":"/api/v1/admin-users/stores"}
{"level":60,"time":1715512448846,"pid":1436,"hostname":"DESKTOP-9421701","error":"404","url":"/api/v1/admin-users/updates"}
{"level":60,"time":1715512448882,"pid":1436,"hostname":"DESKTOP-9421701","error":"404","url":"/api/v1/admin-userss/undefined"}
{"level":60,"time":1715512448961,"pid":1436,"hostname":"DESKTOP-9421701","error":"404","url":"/api/v1/admin-users/blocks"}
{"level":60,"time":1715513075125,"pid":10708,"hostname":"DESKTOP-9421701","error":"404","url":"/api/v1/admin-users/destroys"}
{"level":60,"time":1715513075145,"pid":10708,"hostname":"DESKTOP-9421701","error":"404","url":"/api/v1/admin-users/restores"}
{"level":60,"time":1715513075161,"pid":10708,"hostname":"DESKTOP-9421701","error":"404","url":"/api/v1/admin-users/blocks"}
{"level":60,"time":1715513075256,"pid":10708,"hostname":"DESKTOP-9421701","error":"404","url":"/api/v1/admin-users/updates"}
{"level":60,"time":1715513075342,"pid":10708,"hostname":"DESKTOP-9421701","error":"404","url":"/api/v1/admin-users/stores"}
{"level":60,"time":1715513075400,"pid":10708,"hostname":"DESKTOP-9421701","error":"404","url":"/api/v1/admin-userss"}
{"level":60,"time":1715513075655,"pid":10708,"hostname":"DESKTOP-9421701","error":"404","url":"/api/v1/admin-userss/undefined"}
{"level":60,"time":1715513075795,"pid":10708,"hostname":"DESKTOP-9421701","error":"404","url":"/api/v1/admin-users/soft-deletes"}
{"level":60,"time":1715513289613,"pid":10708,"hostname":"DESKTOP-9421701","error":"404","url":"/api/v1/admin-users/stores"}
{"level":60,"time":1715513289624,"pid":10708,"hostname":"DESKTOP-9421701","error":"404","url":"/api/v1/admin-users/soft-deletes"}
{"level":60,"time":1715513289712,"pid":10708,"hostname":"DESKTOP-9421701","error":"404","url":"/api/v1/admin-userss/undefined"}
{"level":60,"time":1715513289871,"pid":10708,"hostname":"DESKTOP-9421701","error":"404","url":"/api/v1/admin-users/updates"}
{"level":60,"time":1715513289992,"pid":10708,"hostname":"DESKTOP-9421701","error":"404","url":"/api/v1/admin-userss"}
{"level":60,"time":1715513290007,"pid":10708,"hostname":"DESKTOP-9421701","error":"404","url":"/api/v1/admin-users/blocks"}
{"level":60,"time":1715513290055,"pid":10708,"hostname":"DESKTOP-9421701","error":"404","url":"/api/v1/admin-users/destroys"}
{"level":60,"time":1715513290141,"pid":10708,"hostname":"DESKTOP-9421701","error":"404","url":"/api/v1/admin-users/restores"}
{"level":60,"time":1715513381605,"pid":10708,"hostname":"DESKTOP-9421701","error":"404","url":"/api/v1/admin-users/blocks"}
{"level":60,"time":1715513381706,"pid":10708,"hostname":"DESKTOP-9421701","error":"404","url":"/api/v1/admin-userss"}
{"level":60,"time":1715513381796,"pid":10708,"hostname":"DESKTOP-9421701","error":"404","url":"/api/v1/admin-users/stores"}
{"level":60,"time":1715513381857,"pid":10708,"hostname":"DESKTOP-9421701","error":"404","url":"/api/v1/admin-users/updates"}
{"level":60,"time":1715513381964,"pid":10708,"hostname":"DESKTOP-9421701","error":"404","url":"/api/v1/admin-userss/undefined"}
{"level":60,"time":1715513382136,"pid":10708,"hostname":"DESKTOP-9421701","error":"404","url":"/api/v1/admin-users/soft-deletes"}
{"level":60,"time":1715513382162,"pid":10708,"hostname":"DESKTOP-9421701","error":"404","url":"/api/v1/admin-users/destroys"}
{"level":60,"time":1715513382181,"pid":10708,"hostname":"DESKTOP-9421701","error":"404","url":"/api/v1/admin-users/restores"}
{"level":60,"time":1715513447686,"pid":10708,"hostname":"DESKTOP-9421701","error":"404","url":"/api/v1/admin-users/stores"}
{"level":60,"time":1715513447937,"pid":10708,"hostname":"DESKTOP-9421701","error":"404","url":"/api/v1/admin-userss/undefined"}
{"level":60,"time":1715513447947,"pid":10708,"hostname":"DESKTOP-9421701","error":"404","url":"/api/v1/admin-userss"}
{"level":60,"time":1715513447992,"pid":10708,"hostname":"DESKTOP-9421701","error":"404","url":"/api/v1/admin-users/destroys"}
{"level":60,"time":1715513448037,"pid":10708,"hostname":"DESKTOP-9421701","error":"404","url":"/api/v1/admin-users/blocks"}
{"level":60,"time":1715513448123,"pid":10708,"hostname":"DESKTOP-9421701","error":"404","url":"/api/v1/admin-users/restores"}
{"level":60,"time":1715513448315,"pid":10708,"hostname":"DESKTOP-9421701","error":"404","url":"/api/v1/admin-users/updates"}
{"level":60,"time":1715513448576,"pid":10708,"hostname":"DESKTOP-9421701","error":"404","url":"/api/v1/admin-users/soft-deletes"}
{"level":60,"time":1715516014981,"pid":10708,"hostname":"DESKTOP-9421701","error":"404","url":"/api/v1/admin-users/destroys"}
{"level":60,"time":1715516014997,"pid":10708,"hostname":"DESKTOP-9421701","error":"404","url":"/api/v1/admin-users/soft-deletes"}
{"level":60,"time":1715516015050,"pid":10708,"hostname":"DESKTOP-9421701","error":"404","url":"/api/v1/admin-users/updates"}
{"level":60,"time":1715516015059,"pid":10708,"hostname":"DESKTOP-9421701","error":"404","url":"/api/v1/admin-userss/undefined"}
{"level":60,"time":1715516015159,"pid":10708,"hostname":"DESKTOP-9421701","error":"404","url":"/api/v1/admin-userss"}
{"level":60,"time":1715516015163,"pid":10708,"hostname":"DESKTOP-9421701","error":"404","url":"/api/v1/admin-users/stores"}
{"level":60,"time":1715516365444,"pid":10708,"hostname":"DESKTOP-9421701","error":"404","url":"/api/v1/admin-users/stores"}
{"level":60,"time":1715516365640,"pid":10708,"hostname":"DESKTOP-9421701","error":"404","url":"/api/v1/admin-userss"}
{"level":60,"time":1715516520550,"pid":10708,"hostname":"DESKTOP-9421701","error":"404","url":"/api/v1/admin-users/destroys"}
{"level":60,"time":1715516520583,"pid":10708,"hostname":"DESKTOP-9421701","error":"404","url":"/api/v1/admin-users/stores"}
{"level":60,"time":1715516520597,"pid":10708,"hostname":"DESKTOP-9421701","error":"404","url":"/api/v1/admin-users/updates"}
{"level":60,"time":1715516520666,"pid":10708,"hostname":"DESKTOP-9421701","error":"404","url":"/api/v1/admin-users/restores"}
{"level":60,"time":1715516520700,"pid":10708,"hostname":"DESKTOP-9421701","error":"404","url":"/api/v1/admin-userss"}
{"level":60,"time":1715516520744,"pid":10708,"hostname":"DESKTOP-9421701","error":"404","url":"/api/v1/admin-userss/undefined"}
{"level":60,"time":1715516520776,"pid":10708,"hostname":"DESKTOP-9421701","error":"404","url":"/api/v1/admin-users/blocks"}
{"level":60,"time":1715516520784,"pid":10708,"hostname":"DESKTOP-9421701","error":"404","url":"/api/v1/admin-users/soft-deletes"}
{"level":60,"time":1715516621842,"pid":10708,"hostname":"DESKTOP-9421701","error":"404","url":"/api/v1/admin-userss/undefined"}
{"level":60,"time":1715516621990,"pid":10708,"hostname":"DESKTOP-9421701","error":"404","url":"/api/v1/admin-users/soft-deletes"}
{"level":60,"time":1715516621999,"pid":10708,"hostname":"DESKTOP-9421701","error":"404","url":"/api/v1/admin-userss"}
{"level":60,"time":1715516622036,"pid":10708,"hostname":"DESKTOP-9421701","error":"404","url":"/api/v1/admin-users/stores"}
{"level":60,"time":1715516622094,"pid":10708,"hostname":"DESKTOP-9421701","error":"404","url":"/api/v1/admin-users/updates"}
{"level":60,"time":1715516622148,"pid":10708,"hostname":"DESKTOP-9421701","error":"404","url":"/api/v1/admin-users/destroys"}
{"level":60,"time":1715516622262,"pid":10708,"hostname":"DESKTOP-9421701","error":"404","url":"/api/v1/admin-users/restores"}
{"level":60,"time":1715516622394,"pid":10708,"hostname":"DESKTOP-9421701","error":"404","url":"/api/v1/admin-users/blocks"}
{"level":60,"time":1715516851704,"pid":10708,"hostname":"DESKTOP-9421701","error":"404","url":"/api/v1/admin-users/soft-deletes"}
{"level":60,"time":1715516851708,"pid":10708,"hostname":"DESKTOP-9421701","error":"404","url":"/api/v1/admin-users/stores"}
{"level":60,"time":1715516851796,"pid":10708,"hostname":"DESKTOP-9421701","error":"404","url":"/api/v1/admin-users/updates"}
{"level":60,"time":1715516851896,"pid":10708,"hostname":"DESKTOP-9421701","error":"404","url":"/api/v1/admin-users/restores"}
{"level":60,"time":1715516851932,"pid":10708,"hostname":"DESKTOP-9421701","error":"404","url":"/api/v1/admin-users/blocks"}
{"level":60,"time":1715516851936,"pid":10708,"hostname":"DESKTOP-9421701","error":"404","url":"/api/v1/admin-userss/undefined"}
{"level":60,"time":1715516852022,"pid":10708,"hostname":"DESKTOP-9421701","error":"404","url":"/api/v1/admin-userss"}
{"level":60,"time":1715516852186,"pid":10708,"hostname":"DESKTOP-9421701","error":"404","url":"/api/v1/admin-users/destroys"}
{"level":60,"time":1715516921691,"pid":10708,"hostname":"DESKTOP-9421701","error":"404","url":"/api/v1/admin-users/restores"}
{"level":60,"time":1715516922042,"pid":10708,"hostname":"DESKTOP-9421701","error":"404","url":"/api/v1/admin-users/soft-deletes"}
{"level":60,"time":1715516922057,"pid":10708,"hostname":"DESKTOP-9421701","error":"404","url":"/api/v1/admin-users/destroys"}
{"level":60,"time":1715516922277,"pid":10708,"hostname":"DESKTOP-9421701","error":"404","url":"/api/v1/admin-users/blocks"}
{"level":60,"time":1715516922284,"pid":10708,"hostname":"DESKTOP-9421701","error":"404","url":"/api/v1/admin-userss"}
{"level":60,"time":1715516922331,"pid":10708,"hostname":"DESKTOP-9421701","error":"404","url":"/api/v1/admin-userss/undefined"}
{"level":60,"time":1715516922371,"pid":10708,"hostname":"DESKTOP-9421701","error":"404","url":"/api/v1/admin-users/stores"}
{"level":60,"time":1715516922405,"pid":10708,"hostname":"DESKTOP-9421701","error":"404","url":"/api/v1/admin-users/updates"}
{"level":60,"time":1715517010550,"pid":10708,"hostname":"DESKTOP-9421701","error":"404","url":"/api/v1/admin-users/blocks"}
{"level":60,"time":1715517010633,"pid":10708,"hostname":"DESKTOP-9421701","error":"404","url":"/api/v1/admin-users/destroys"}
{"level":60,"time":1715517010777,"pid":10708,"hostname":"DESKTOP-9421701","error":"404","url":"/api/v1/admin-userss"}
{"level":60,"time":1715517010866,"pid":10708,"hostname":"DESKTOP-9421701","error":"404","url":"/api/v1/admin-users/restores"}
{"level":60,"time":1715517011031,"pid":10708,"hostname":"DESKTOP-9421701","error":"404","url":"/api/v1/admin-users/updates"}
{"level":60,"time":1715517011075,"pid":10708,"hostname":"DESKTOP-9421701","error":"404","url":"/api/v1/admin-users/soft-deletes"}
{"level":60,"time":1715517011084,"pid":10708,"hostname":"DESKTOP-9421701","error":"404","url":"/api/v1/admin-users/stores"}
{"level":60,"time":1715517011174,"pid":10708,"hostname":"DESKTOP-9421701","error":"404","url":"/api/v1/admin-userss/undefined"}
{"level":60,"time":1715517439099,"pid":10708,"hostname":"DESKTOP-9421701","error":"404","url":"/api/v1/admin-users/stores"}
{"level":60,"time":1715517480756,"pid":10708,"hostname":"DESKTOP-9421701","error":"404","url":"/api/v1/admin-users/stores"}
{"level":60,"time":1715517844676,"pid":10708,"hostname":"DESKTOP-9421701","error":"404","url":"/api/v1/admin-users/stores"}
{"level":60,"time":1715517844790,"pid":10708,"hostname":"DESKTOP-9421701","error":"404","url":"/api/v1/admin-users/updates"}
{"level":60,"time":1715517844823,"pid":10708,"hostname":"DESKTOP-9421701","error":"404","url":"/api/v1/admin-users/destroys"}
{"level":60,"time":1715517918637,"pid":10708,"hostname":"DESKTOP-9421701","error":"404","url":"/api/v1/admin-users/stores"}
{"level":60,"time":1715517918750,"pid":10708,"hostname":"DESKTOP-9421701","error":"404","url":"/api/v1/admin-users/updates"}
{"level":60,"time":1715517918779,"pid":10708,"hostname":"DESKTOP-9421701","error":"404","url":"/api/v1/admin-users/destroys"}
{"level":60,"time":1715518009649,"pid":10708,"hostname":"DESKTOP-9421701","error":"404","url":"/api/v1/admin-users/stores"}
{"level":60,"time":1715518009765,"pid":10708,"hostname":"DESKTOP-9421701","error":"404","url":"/api/v1/admin-users/updates"}
{"level":60,"time":1715518009801,"pid":10708,"hostname":"DESKTOP-9421701","error":"404","url":"/api/v1/admin-users/destroys"}
{"level":60,"time":1715589486168,"pid":9960,"hostname":"DESKTOP-9421701","error":"404","url":"/api/v1/user-branch-admins/destroys"}
{"level":60,"time":1715591656095,"pid":15220,"hostname":"DESKTOP-9421701","error":"404","url":"/api/v1/user-staffs"}
{"level":60,"time":1715591666674,"pid":15220,"hostname":"DESKTOP-9421701","error":"404","url":"/api/v1/user-staffs"}
{"level":60,"time":1715591666974,"pid":15220,"hostname":"DESKTOP-9421701","error":"404","url":"/api/v1/user-staffs"}
{"level":60,"time":1715690215708,"pid":4012,"hostname":"DESKTOP-9421701","error":"404","url":"/api/v1/user-login-history/destroys"}
